<?xml version="1.0" encoding="UTF-8"?>
<!-- Generated by org.testng.reporters.JUnitReportReporter -->
<testsuite skipped="0" hostname="DESKTOP-LPKJ4V1" name="sfdcTests.LoginTest" tests="5" failures="0" timestamp="10 Oct 2023 00:45:42 GMT" time="41.175" errors="0">
  <testcase name="LoginFail" time="6.273" classname="sfdcTests.LoginTest"/>
  <testcase name="LoginSuccess" time="8.343" classname="sfdcTests.LoginTest"/>
  <testcase name="rememberMeTest3" time="10.675" classname="sfdcTests.LoginTest"/>
  <testcase name="forgotpasswordTest4A" time="8.225" classname="sfdcTests.LoginTest"/>
  <testcase name="VerifyInvalidCredentials" time="7.659" classname="sfdcTests.LoginTest"/>
</testsuite> <!-- sfdcTests.LoginTest -->
