<?xml version="1.0" encoding="UTF-8"?>
<!-- Generated by org.testng.reporters.JUnitReportReporter -->
<testsuite skipped="0" hostname="DESKTOP-LPKJ4V1" name="sfdcTests.LeadsTest" tests="5" failures="0" timestamp="10 Oct 2023 00:30:46 GMT" time="46.074" errors="0">
  <testcase name="openLeadsPage_TC20" time="7.267" classname="sfdcTests.LeadsTest"/>
  <testcase name="verifyLeadsViewList_TC21" time="7.735" classname="sfdcTests.LeadsTest"/>
  <testcase name="DefaultView_TC22" time="12.295" classname="sfdcTests.LeadsTest"/>
  <testcase name="todaysLeadPage_TC23" time="7.215" classname="sfdcTests.LeadsTest"/>
  <testcase name="newLead_TC24" time="11.562" classname="sfdcTests.LeadsTest"/>
</testsuite> <!-- sfdcTests.LeadsTest -->
