<?xml version="1.0" encoding="UTF-8"?>
<!-- Generated by org.testng.reporters.JUnitReportReporter -->
<testsuite skipped="0" hostname="DESKTOP-LPKJ4V1" name="sfdcTests.LoginTest" tests="2" failures="0" timestamp="05 Sep 2023 15:39:53 GMT" time="4.276" errors="0">
  <testcase name="LoginFail" time="1.759" classname="sfdcTests.LoginTest"/>
  <testcase name="LoginSuccess" time="2.517" classname="sfdcTests.LoginTest"/>
</testsuite> <!-- sfdcTests.LoginTest -->
