<?xml version="1.0" encoding="UTF-8"?>
<!-- Generated by org.testng.reporters.JUnitReportReporter -->
<testsuite skipped="0" hostname="DESKTOP-LPKJ4V1" name="sfdcTests.LoginTest" tests="5" failures="0" timestamp="21 Sep 2023 16:10:17 GMT" time="0.010" errors="0">
  <testcase name="LoginFail" time="0.006" classname="sfdcTests.LoginTest"/>
  <testcase name="LoginSuccess" time="0.001" classname="sfdcTests.LoginTest"/>
  <testcase name="rememberMeTest3" time="0.001" classname="sfdcTests.LoginTest"/>
  <testcase name="forgotpasswordTest4A" time="0.001" classname="sfdcTests.LoginTest"/>
  <testcase name="VerifyInvalidCredentials" time="0.001" classname="sfdcTests.LoginTest"/>
</testsuite> <!-- sfdcTests.LoginTest -->
