<?xml version="1.0" encoding="UTF-8"?>
<!-- Generated by org.testng.reporters.JUnitReportReporter -->
<testsuite skipped="0" hostname="DESKTOP-LPKJ4V1" name="sfdcTests.opportunitiesTest" tests="1" failures="0" timestamp="15 Sep 2023 01:26:13 GMT" time="4.308" errors="0">
  <testcase name="verifyOpportunityList_TC15" time="4.308" classname="sfdcTests.opportunitiesTest"/>
</testsuite> <!-- sfdcTests.opportunitiesTest -->
