<?xml version="1.0" encoding="UTF-8"?>
<!-- Generated by org.testng.reporters.JUnitReportReporter -->
<testsuite skipped="0" hostname="DESKTOP-LPKJ4V1" name="sfdcTests.LeadsTest" tests="5" failures="0" timestamp="15 Sep 2023 18:31:10 GMT" time="16.292" errors="0">
  <testcase name="openLeadsPage_TC20" time="2.853" classname="sfdcTests.LeadsTest"/>
  <testcase name="verifyLeadsViewList_TC21" time="0.781" classname="sfdcTests.LeadsTest"/>
  <testcase name="DefaultView_TC22" time="7.797" classname="sfdcTests.LeadsTest"/>
  <testcase name="todaysLeadPage_TC23" time="1.279" classname="sfdcTests.LeadsTest"/>
  <testcase name="newLead_TC24" time="3.582" classname="sfdcTests.LeadsTest"/>
</testsuite> <!-- sfdcTests.LeadsTest -->
