<?xml version="1.0" encoding="UTF-8"?>
<!-- Generated by org.testng.reporters.JUnitReportReporter -->
<testsuite skipped="0" hostname="DESKTOP-LPKJ4V1" name="sfdcTests.UserMenuTest" tests="5" failures="0" timestamp="10 Oct 2023 00:45:42 GMT" time="87.656" errors="1">
  <testcase name="userMenuDropDown_TC05" time="11.141" classname="sfdcTests.UserMenuTest"/>
  <testcase name="myProfile_TC06" time="28.757" classname="sfdcTests.UserMenuTest"/>
  <testcase name="mySetting_TC07" time="26.401" classname="sfdcTests.UserMenuTest">
    <error type="org.openqa.selenium.NoSuchElementException" message="Unable to locate element: .messageText
For documentation on this error, please visit: https://www.selenium.dev/documentation/webdriver/troubleshooting/errors#no-such-element-exception
Build info: version: &#039;4.11.0&#039;, revision: &#039;040bc5406b&#039;
System info: os.name: &#039;Windows 10&#039;, os.arch: &#039;amd64&#039;, os.version: &#039;10.0&#039;, java.version: &#039;1.8.0_211&#039;
Driver info: org.openqa.selenium.firefox.FirefoxDriver
Command: [d9a21e20-276b-4dab-b4a5-4d5036b33808, findElement {using=class name, value=messageText}]
Capabilities {acceptInsecureCerts: true, browserName: firefox, browserVersion: 118.0.1, moz:accessibilityChecks: false, moz:buildID: 20230927232528, moz:debuggerAddress: 127.0.0.1:45867, moz:geckodriverVersion: 0.33.0, moz:headless: true, moz:platformVersion: 10.0, moz:processID: 3004, moz:profile: C:\Users\seema\AppData\Loca..., moz:shutdownTimeout: 60000, moz:webdriverClick: true, moz:windowless: false, pageLoadStrategy: normal, platformName: windows, proxy: Proxy(), se:cdp: ws://127.0.0.1:45867/devtoo..., se:cdpVersion: 85.0, setWindowRect: true, strictFileInteractability: false, timeouts: {implicit: 0, pageLoad: 300000, script: 30000}, unhandledPromptBehavior: dismiss and notify}
Session ID: d9a21e20-276b-4dab-b4a5-4d5036b33808">
      <![CDATA[org.openqa.selenium.NoSuchElementException: Unable to locate element: .messageText
For documentation on this error, please visit: https://www.selenium.dev/documentation/webdriver/troubleshooting/errors#no-such-element-exception
Build info: version: '4.11.0', revision: '040bc5406b'
System info: os.name: 'Windows 10', os.arch: 'amd64', os.version: '10.0', java.version: '1.8.0_211'
Driver info: org.openqa.selenium.firefox.FirefoxDriver
Command: [d9a21e20-276b-4dab-b4a5-4d5036b33808, findElement {using=class name, value=messageText}]
Capabilities {acceptInsecureCerts: true, browserName: firefox, browserVersion: 118.0.1, moz:accessibilityChecks: false, moz:buildID: 20230927232528, moz:debuggerAddress: 127.0.0.1:45867, moz:geckodriverVersion: 0.33.0, moz:headless: true, moz:platformVersion: 10.0, moz:processID: 3004, moz:profile: C:\Users\seema\AppData\Loca..., moz:shutdownTimeout: 60000, moz:webdriverClick: true, moz:windowless: false, pageLoadStrategy: normal, platformName: windows, proxy: Proxy(), se:cdp: ws://127.0.0.1:45867/devtoo..., se:cdpVersion: 85.0, setWindowRect: true, strictFileInteractability: false, timeouts: {implicit: 0, pageLoad: 300000, script: 30000}, unhandledPromptBehavior: dismiss and notify}
Session ID: d9a21e20-276b-4dab-b4a5-4d5036b33808
at sun.reflect.GeneratedConstructorAccessor27.newInstance(Unknown Source)
at sun.reflect.DelegatingConstructorAccessorImpl.newInstance(Unknown Source)
at java.lang.reflect.Constructor.newInstance(Unknown Source)
at org.openqa.selenium.remote.codec.w3c.W3CHttpResponseCodec.createException(W3CHttpResponseCodec.java:200)
at org.openqa.selenium.remote.codec.w3c.W3CHttpResponseCodec.decode(W3CHttpResponseCodec.java:133)
at org.openqa.selenium.remote.codec.w3c.W3CHttpResponseCodec.decode(W3CHttpResponseCodec.java:52)
at org.openqa.selenium.remote.HttpCommandExecutor.execute(HttpCommandExecutor.java:191)
at org.openqa.selenium.remote.service.DriverCommandExecutor.invokeExecute(DriverCommandExecutor.java:196)
at org.openqa.selenium.remote.service.DriverCommandExecutor.execute(DriverCommandExecutor.java:171)
at org.openqa.selenium.remote.RemoteWebDriver.execute(RemoteWebDriver.java:518)
at org.openqa.selenium.remote.ElementLocation$ElementFinder$2.findElement(ElementLocation.java:165)
at org.openqa.selenium.remote.ElementLocation.findElement(ElementLocation.java:66)
at org.openqa.selenium.remote.RemoteWebDriver.findElement(RemoteWebDriver.java:355)
at org.openqa.selenium.remote.RemoteWebDriver.findElement(RemoteWebDriver.java:349)
at org.openqa.selenium.support.pagefactory.DefaultElementLocator.findElement(DefaultElementLocator.java:68)
at org.openqa.selenium.support.pagefactory.internal.LocatingElementHandler.invoke(LocatingElementHandler.java:38)
at com.sun.proxy.$Proxy34.isDisplayed(Unknown Source)
at sfdcPages.UserMenu.VerifyEmailUpdated(UserMenu.java:566)
at sfdcTests.UserMenuTest.mySetting_TC07(UserMenuTest.java:106)
at sun.reflect.NativeMethodAccessorImpl.invoke0(Native Method)
at sun.reflect.NativeMethodAccessorImpl.invoke(Unknown Source)
at sun.reflect.DelegatingMethodAccessorImpl.invoke(Unknown Source)
at java.lang.reflect.Method.invoke(Unknown Source)
at org.testng.internal.MethodInvocationHelper.invokeMethod(MethodInvocationHelper.java:124)
at org.testng.internal.Invoker.invokeMethod(Invoker.java:583)
at org.testng.internal.Invoker.invokeTestMethod(Invoker.java:719)
at org.testng.internal.Invoker.invokeTestMethods(Invoker.java:989)
at org.testng.internal.TestMethodWorker.invokeTestMethods(TestMethodWorker.java:125)
at org.testng.internal.TestMethodWorker.run(TestMethodWorker.java:109)
at java.util.concurrent.ThreadPoolExecutor.runWorker(Unknown Source)
at java.util.concurrent.ThreadPoolExecutor$Worker.run(Unknown Source)
at java.lang.Thread.run(Unknown Source)
]]>
    </error>
  </testcase> <!-- mySetting_TC07 -->
  <testcase name="DeveloperConsole_TC08" time="9.242" classname="sfdcTests.UserMenuTest"/>
  <testcase name="logout_TC09" time="12.115" classname="sfdcTests.UserMenuTest"/>
</testsuite> <!-- sfdcTests.UserMenuTest -->
