<?xml version="1.0" encoding="UTF-8"?>
<!-- Generated by org.testng.reporters.JUnitReportReporter -->
<testsuite skipped="0" hostname="DESKTOP-LPKJ4V1" name="apitests.APILoginTest" tests="5" failures="0" timestamp="27 Sep 2023 18:21:23 GMT" time="19.476" errors="0">
  <testcase name="getUserData" time="6.740" classname="apitests.APILoginTest"/>
  <testcase name="login_TC01" time="5.588" classname="apitests.APILoginTest"/>
  <testcase name="updateData" time="2.608" classname="apitests.APILoginTest"/>
  <testcase name="deleteData" time="2.150" classname="apitests.APILoginTest"/>
  <testcase name="addUserData" time="2.390" classname="apitests.APILoginTest"/>
</testsuite> <!-- apitests.APILoginTest -->
