<?xml version="1.0" encoding="UTF-8"?>
<!-- Generated by org.testng.reporters.JUnitReportReporter -->
<testsuite skipped="0" hostname="DESKTOP-LPKJ4V1" name="sfdcTests.CreateAccountTest" tests="1" failures="0" timestamp="13 Sep 2023 20:44:58 GMT" time="9.827" errors="0">
  <testcase name="saveAndRunAccReport_TC14" time="9.827" classname="sfdcTests.CreateAccountTest"/>
</testsuite> <!-- sfdcTests.CreateAccountTest -->
