<?xml version="1.0" encoding="UTF-8"?>
<!-- Generated by org.testng.reporters.JUnitReportReporter -->
<testsuite skipped="0" hostname="DESKTOP-LPKJ4V1" name="apitests.APIBastTest" tests="1" failures="0" timestamp="22 Sep 2023 19:53:39 GMT" time="4.482" errors="1">
  <testcase name="setUp" time="4.482" classname="apitests.APIBastTest">
    <error type="com.jayway.jsonpath.PathNotFoundException" message="Filter: [0][&#039;token&#039;] can only be applied to arrays. Current context is: Value for argument &quot;value&quot; is not a valid query constraint. Cannot use &quot;undefined&quot; as a Firestore value.">
      <![CDATA[com.jayway.jsonpath.PathNotFoundException: Filter: [0]['token'] can only be applied to arrays. Current context is: Value for argument "value" is not a valid query constraint. Cannot use "undefined" as a Firestore value.
]]>
    </error>
  </testcase> <!-- setUp -->
</testsuite> <!-- apitests.APIBastTest -->
