<?xml version="1.0" encoding="UTF-8"?>
<!-- Generated by org.testng.reporters.JUnitReportReporter -->
<testsuite skipped="0" hostname="DESKTOP-LPKJ4V1" name="apitests.APILoginTest" tests="5" failures="0" timestamp="21 Sep 2023 18:51:10 GMT" time="61.609" errors="0">
  <testcase name="login_TC01" time="7.916" classname="apitests.APILoginTest"/>
  <testcase name="deleteData" time="3.977" classname="apitests.APILoginTest"/>
  <testcase name="addUserData" time="3.942" classname="apitests.APILoginTest"/>
  <testcase name="updateData" time="3.269" classname="apitests.APILoginTest"/>
  <testcase name="getUserData" time="42.505" classname="apitests.APILoginTest"/>
</testsuite> <!-- apitests.APILoginTest -->
