<?xml version="1.0" encoding="UTF-8"?>
<!-- Generated by org.testng.reporters.JUnitReportReporter -->
<testsuite skipped="0" hostname="DESKTOP-LPKJ4V1" name="sfdcTests.ContactsTest" tests="8" failures="0" timestamp="16 Sep 2023 20:40:36 GMT" time="78.498" errors="0">
  <testcase name="CreateNewContact_TC25" time="8.785" classname="sfdcTests.ContactsTest"/>
  <testcase name="CreateNewView_TC26" time="1.681" classname="sfdcTests.ContactsTest"/>
  <testcase name="recentlyCreatedContact_TC27" time="1.396" classname="sfdcTests.ContactsTest"/>
  <testcase name="myContactView_TC28" time="60.984" classname="sfdcTests.ContactsTest"/>
  <testcase name="ViewContactName_TC29" time="2.056" classname="sfdcTests.ContactsTest"/>
  <testcase name="createNewViewError_TC30" time="1.132" classname="sfdcTests.ContactsTest"/>
  <testcase name="cancelNewContact_TC31" time="1.260" classname="sfdcTests.ContactsTest"/>
  <testcase name="saveAndNewContact_TC32" time="1.204" classname="sfdcTests.ContactsTest"/>
</testsuite> <!-- sfdcTests.ContactsTest -->
