<?xml version="1.0" encoding="UTF-8"?>
<!-- Generated by org.testng.reporters.JUnitReportReporter -->
<testsuite skipped="3" hostname="DESKTOP-LPKJ4V1" name="sfdcTests.RandomScenariosTest" tests="4" failures="0" timestamp="10 Oct 2023 00:11:52 GMT" time="0.000" errors="1">
  <testcase name="setDriver" time="0.000" classname="sfdcTests.RandomScenariosTest">
    <error type="org.testng.TestNGException" message="
Parameter &#039;isHeadleass&#039; is required by BeforeMethod on method setDriver but has not been marked @Optional or defined
in D:\Automation\Selenium-workspace\SalesForceAutomation\testng.xml">
      <![CDATA[org.testng.TestNGException: 
Parameter 'isHeadleass' is required by BeforeMethod on method setDriver but has not been marked @Optional or defined
in D:\Automation\Selenium-workspace\SalesForceAutomation\testng.xml
at org.testng.internal.Parameters.createParams(Parameters.java:290)
at org.testng.internal.Parameters.createParametersForMethod(Parameters.java:359)
at org.testng.internal.Parameters.createParameters(Parameters.java:620)
at org.testng.internal.Parameters.createConfigurationParameters(Parameters.java:190)
at org.testng.internal.Invoker.invokeConfigurations(Invoker.java:209)
at org.testng.internal.Invoker.invokeMethod(Invoker.java:523)
at org.testng.internal.Invoker.invokeTestMethod(Invoker.java:719)
at org.testng.internal.Invoker.invokeTestMethods(Invoker.java:989)
at org.testng.internal.TestMethodWorker.invokeTestMethods(TestMethodWorker.java:125)
at org.testng.internal.TestMethodWorker.run(TestMethodWorker.java:109)
at java.util.concurrent.ThreadPoolExecutor.runWorker(Unknown Source)
at java.util.concurrent.ThreadPoolExecutor$Worker.run(Unknown Source)
at java.lang.Thread.run(Unknown Source)
]]>
    </error>
  </testcase> <!-- setDriver -->
  <testcase name="openHomeTab_TC33" time="0.000" classname="sfdcTests.RandomScenariosTest">
    <skipped/>
  </testcase> <!-- openHomeTab_TC33 -->
  <testcase name="editProfile_TC34" time="0.000" classname="sfdcTests.RandomScenariosTest">
    <skipped/>
  </testcase> <!-- editProfile_TC34 -->
  <testcase name="removeTab_TC35" time="0.000" classname="sfdcTests.RandomScenariosTest">
    <skipped/>
  </testcase> <!-- removeTab_TC35 -->
</testsuite> <!-- sfdcTests.RandomScenariosTest -->
