<?xml version="1.0" encoding="UTF-8"?>
<!-- Generated by org.testng.reporters.JUnitReportReporter -->
<testsuite skipped="0" hostname="DESKTOP-LPKJ4V1" name="sfdcTests.RandomScenariosTest" tests="1" failures="0" timestamp="17 Sep 2023 04:50:18 GMT" time="38.206" errors="0">
  <testcase name="removeTab_TC35" time="38.206" classname="sfdcTests.RandomScenariosTest"/>
</testsuite> <!-- sfdcTests.RandomScenariosTest -->
